Info:  Net Imp:/WORK/SYS_CTRL/Addr[7] is undriven.
Info:  Net Imp:/WORK/SYS_CTRL/Addr[6] is undriven.
Info:  Net Imp:/WORK/SYS_CTRL/Addr[5] is undriven.
Info:  Net Imp:/WORK/SYS_CTRL/Addr[4] is undriven.
Info:  Net Imp:/WORK/Register_File_10_0_1/REG2[7] is undriven.
Info:  Net Imp:/WORK/Register_File_10_0_1/REG2[6] is undriven.
Info:  Net Imp:/WORK/Register_File_10_0_1/REG2[5] is undriven.
Info:  Net Imp:/WORK/Register_File_10_0_1/REG2[4] is undriven.
Info:  Net Imp:/WORK/Register_File_10_0_1/REG2[3] is undriven.
Info:  Net Imp:/WORK/Register_File_10_0_1/REG2[2] is undriven.
Info:  Net Imp:/WORK/Register_File_10_0_1/REG2[1] is undriven.
Info:  Net Imp:/WORK/Register_File_10_0_1/REG2[0] is undriven.
Info:  Net Imp:/WORK/Register_File_10_0_1/REG3[7] is undriven.
Info:  Net Imp:/WORK/Register_File_10_0_1/REG3[6] is undriven.
Info:  Net Imp:/WORK/Register_File_10_0_1/REG3[5] is undriven.
Info:  Net Imp:/WORK/Register_File_10_0_1/REG3[4] is undriven.
Info:  Net Imp:/WORK/Register_File_10_0_1/REG3[3] is undriven.
Info:  Net Imp:/WORK/Register_File_10_0_1/REG3[2] is undriven.
Info:  Net Imp:/WORK/Register_File_10_0_1/REG3[1] is undriven.
Info:  Net Imp:/WORK/Register_File_10_0_1/REG3[0] is undriven.
Info:  Net Imp:/WORK/ALU_00000008_00000004/ALU_OUT[15] is undriven.
Info:  Net Imp:/WORK/ALU_00000008_00000004/ALU_OUT[14] is undriven.
Info:  Net Imp:/WORK/ALU_00000008_00000004/ALU_OUT[13] is undriven.
Info:  Net Imp:/WORK/ALU_00000008_00000004/ALU_OUT[12] is undriven.
Info:  Net Imp:/WORK/ALU_00000008_00000004/ALU_OUT[11] is undriven.
Info:  Net Imp:/WORK/ALU_00000008_00000004/ALU_OUT[10] is undriven.
Info:  Net Imp:/WORK/ALU_00000008_00000004/ALU_OUT[9] is undriven.
Info:  Net Imp:/WORK/ALU_00000008_00000004/ALU_OUT[8] is undriven.
Info:  Net Imp:/WORK/Bit_Sync_00000002_00000005_0/SYNC[4] is undriven.
Info:  Net Imp:/WORK/Bit_Sync_00000002_00000005_1/SYNC[4] is undriven.
Info:  Net Imp:/WORK/fifo_wrptr_full_00000008_00000010/gray_Wptr[4] is undriven.
Info:  Net Imp:/WORK/fifo_rdptr_empty_00000008_00000010/gray_Rptr[4] is undriven.
Info:  Pre-verification of Ref:/WORK/ClkDiv___0/DP_OP_50J1_122_9925 SUCCEEDED.
Info:  Pre-verification of Ref:/WORK/ALU_00000008_00000004/div_2 SUCCEEDED.
Info:  Pre-verification of Ref:/WORK/ALU_00000008_00000004/mult_x_1 SUCCEEDED.
Info:  Pre-verification of Ref:/WORK/UART_RX_10/DP_OP_71J2_122_1764 SUCCEEDED.
Info:  Pre-verification of Ref:/WORK/UART_RX_10/DP_OP_72J2_123_5724 SUCCEEDED.
Info:  Pre-verification of Ref:/WORK/UART_RX_10/DP_OP_73J2_124_4223 SUCCEEDED.
Info:  Pre-verification of Ref:/WORK/ALU_00000008_00000004_RSOP_23/DP_OP_29J1_123_2578 SUCCEEDED.
