 
****************************************
Report : clocks
Design : SYS_TOP
Version: K-2015.06
Date   : Thu Sep 21 00:16:48 2023
****************************************

Attributes:
    d - dont_touch_network
    f - fix_hold
    p - propagated_clock
    G - generated_clock
    g - lib_generated_clock

Clock          Period   Waveform            Attrs     Sources
--------------------------------------------------------------------------------
ALU_CLK         10.00   {0 5}               G         {CLK_GATE_dut/ECK}
REF_CLK         10.00   {0 5}               d         {REF_CLK}
RX_CLK         271.30   {0 135.648}         G         {CLK_DIV_RX_dut/o_div_clk}
TX_CLK        8681.47   {0 4340.74}         G         {CLK_DIV_TX_dut/o_div_clk}
UART_CLK       271.30   {0 135.648}         d         {UART_CLK}
--------------------------------------------------------------------------------

Generated     Master         Generated      Master         Waveform
Clock         Source         Source         Clock          Modification
--------------------------------------------------------------------------------
ALU_CLK       REF_CLK        {CLK_GATE_dut/ECK}
                                            REF_CLK        divide_by(1)
RX_CLK        UART_CLK       {CLK_DIV_RX_dut/o_div_clk}
                                            UART_CLK       divide_by(1)
TX_CLK        UART_CLK       {CLK_DIV_TX_dut/o_div_clk}
                                            UART_CLK       divide_by(32)
--------------------------------------------------------------------------------
1
