 
****************************************
Report : timing
        -path full
        -delay min
        -max_paths 20
Design : SYS_TOP
Version: K-2015.06
Date   : Thu Sep 21 15:14:43 2023
****************************************

Operating Conditions: scmetro_tsmc_cl013g_rvt_ff_1p32v_m40c   Library: scmetro_tsmc_cl013g_rvt_ff_1p32v_m40c
Wire Load Model Mode: top

  Startpoint: ASYNC_FIFO_dut/fifo_wrptr_full_dut/Wptr_reg[4]
              (rising edge-triggered flip-flop clocked by SCAN_CLK)
  Endpoint: ASYNC_FIFO_dut/fifo_wrptr_full_dut/gray_Wptr_reg[0]
            (rising edge-triggered flip-flop clocked by SCAN_CLK)
  Path Group: SCAN_CLK
  Path Type: min

  Point                                                   Incr       Path
  --------------------------------------------------------------------------
  clock SCAN_CLK (rise edge)                              0.00       0.00
  clock network delay (ideal)                             0.00       0.00
  ASYNC_FIFO_dut/fifo_wrptr_full_dut/Wptr_reg[4]/CK (SDFFRX1M)
                                                          0.00       0.00 r
  ASYNC_FIFO_dut/fifo_wrptr_full_dut/Wptr_reg[4]/QN (SDFFRX1M)
                                                          0.28       0.28 r
  ASYNC_FIFO_dut/fifo_wrptr_full_dut/gray_Wptr_reg[0]/SI (SDFFRQX2M)
                                                          0.00       0.28 r
  data arrival time                                                  0.28

  clock SCAN_CLK (rise edge)                              0.00       0.00
  clock network delay (ideal)                             0.00       0.00
  clock uncertainty                                       0.10       0.10
  ASYNC_FIFO_dut/fifo_wrptr_full_dut/gray_Wptr_reg[0]/CK (SDFFRQX2M)
                                                          0.00       0.10 r
  library hold time                                      -0.18      -0.08
  data required time                                                -0.08
  --------------------------------------------------------------------------
  data required time                                                -0.08
  data arrival time                                                 -0.28
  --------------------------------------------------------------------------
  slack (MET)                                                        0.36


  Startpoint: ASYNC_FIFO_dut/FIFO_MEMORY_dut/read_next_reg[7]
              (rising edge-triggered flip-flop clocked by SCAN_CLK)
  Endpoint: ASYNC_FIFO_dut/fifo_rdptr_empty_dut/Rptr_reg[0]
            (rising edge-triggered flip-flop clocked by SCAN_CLK)
  Path Group: SCAN_CLK
  Path Type: min

  Point                                                   Incr       Path
  --------------------------------------------------------------------------
  clock SCAN_CLK (rise edge)                              0.00       0.00
  clock network delay (ideal)                             0.00       0.00
  ASYNC_FIFO_dut/FIFO_MEMORY_dut/read_next_reg[7]/CK (SEDFFX2M)
                                                          0.00       0.00 r
  ASYNC_FIFO_dut/FIFO_MEMORY_dut/read_next_reg[7]/Q (SEDFFX2M)
                                                          0.30       0.30 r
  ASYNC_FIFO_dut/FIFO_MEMORY_dut/test_so2 (FIFO_MEMORY_00000008_00000010_test_1)
                                                          0.00       0.30 r
  ASYNC_FIFO_dut/fifo_rdptr_empty_dut/test_si (fifo_rdptr_empty_00000008_00000010_test_1)
                                                          0.00       0.30 r
  ASYNC_FIFO_dut/fifo_rdptr_empty_dut/Rptr_reg[0]/SI (SDFFRQX2M)
                                                          0.00       0.30 r
  data arrival time                                                  0.30

  clock SCAN_CLK (rise edge)                              0.00       0.00
  clock network delay (ideal)                             0.00       0.00
  clock uncertainty                                       0.10       0.10
  ASYNC_FIFO_dut/fifo_rdptr_empty_dut/Rptr_reg[0]/CK (SDFFRQX2M)
                                                          0.00       0.10 r
  library hold time                                      -0.18      -0.08
  data required time                                                -0.08
  --------------------------------------------------------------------------
  data required time                                                -0.08
  data arrival time                                                 -0.30
  --------------------------------------------------------------------------
  slack (MET)                                                        0.38


  Startpoint: ASYNC_FIFO_dut/sync_w2r/FF_Stage_reg[0][2]
              (rising edge-triggered flip-flop clocked by SCAN_CLK)
  Endpoint: ASYNC_FIFO_dut/sync_w2r/FF_Stage_reg[1][2]
            (rising edge-triggered flip-flop clocked by SCAN_CLK)
  Path Group: SCAN_CLK
  Path Type: min

  Point                                                   Incr       Path
  --------------------------------------------------------------------------
  clock SCAN_CLK (rise edge)                              0.00       0.00
  clock network delay (ideal)                             0.00       0.00
  ASYNC_FIFO_dut/sync_w2r/FF_Stage_reg[0][2]/CK (SDFFRQX2M)
                                                          0.00       0.00 r
  ASYNC_FIFO_dut/sync_w2r/FF_Stage_reg[0][2]/Q (SDFFRQX2M)
                                                          0.34       0.34 r
  ASYNC_FIFO_dut/sync_w2r/FF_Stage_reg[1][2]/D (SDFFRQX2M)
                                                          0.00       0.34 r
  data arrival time                                                  0.34

  clock SCAN_CLK (rise edge)                              0.00       0.00
  clock network delay (ideal)                             0.00       0.00
  clock uncertainty                                       0.10       0.10
  ASYNC_FIFO_dut/sync_w2r/FF_Stage_reg[1][2]/CK (SDFFRQX2M)
                                                          0.00       0.10 r
  library hold time                                      -0.16      -0.06
  data required time                                                -0.06
  --------------------------------------------------------------------------
  data required time                                                -0.06
  data arrival time                                                 -0.34
  --------------------------------------------------------------------------
  slack (MET)                                                        0.40


  Startpoint: ASYNC_FIFO_dut/sync_r2w/FF_Stage_reg[0][4]
              (rising edge-triggered flip-flop clocked by SCAN_CLK)
  Endpoint: ASYNC_FIFO_dut/sync_r2w/FF_Stage_reg[1][4]
            (rising edge-triggered flip-flop clocked by SCAN_CLK)
  Path Group: SCAN_CLK
  Path Type: min

  Point                                                   Incr       Path
  --------------------------------------------------------------------------
  clock SCAN_CLK (rise edge)                              0.00       0.00
  clock network delay (ideal)                             0.00       0.00
  ASYNC_FIFO_dut/sync_r2w/FF_Stage_reg[0][4]/CK (SDFFRQX2M)
                                                          0.00       0.00 r
  ASYNC_FIFO_dut/sync_r2w/FF_Stage_reg[0][4]/Q (SDFFRQX2M)
                                                          0.34       0.34 r
  ASYNC_FIFO_dut/sync_r2w/FF_Stage_reg[1][4]/D (SDFFRQX2M)
                                                          0.00       0.34 r
  data arrival time                                                  0.34

  clock SCAN_CLK (rise edge)                              0.00       0.00
  clock network delay (ideal)                             0.00       0.00
  clock uncertainty                                       0.10       0.10
  ASYNC_FIFO_dut/sync_r2w/FF_Stage_reg[1][4]/CK (SDFFRQX2M)
                                                          0.00       0.10 r
  library hold time                                      -0.16      -0.06
  data required time                                                -0.06
  --------------------------------------------------------------------------
  data required time                                                -0.06
  data arrival time                                                 -0.34
  --------------------------------------------------------------------------
  slack (MET)                                                        0.41


  Startpoint: ASYNC_FIFO_dut/sync_r2w/FF_Stage_reg[0][0]
              (rising edge-triggered flip-flop clocked by SCAN_CLK)
  Endpoint: ASYNC_FIFO_dut/sync_r2w/FF_Stage_reg[1][0]
            (rising edge-triggered flip-flop clocked by SCAN_CLK)
  Path Group: SCAN_CLK
  Path Type: min

  Point                                                   Incr       Path
  --------------------------------------------------------------------------
  clock SCAN_CLK (rise edge)                              0.00       0.00
  clock network delay (ideal)                             0.00       0.00
  ASYNC_FIFO_dut/sync_r2w/FF_Stage_reg[0][0]/CK (SDFFRQX2M)
                                                          0.00       0.00 r
  ASYNC_FIFO_dut/sync_r2w/FF_Stage_reg[0][0]/Q (SDFFRQX2M)
                                                          0.34       0.34 r
  ASYNC_FIFO_dut/sync_r2w/FF_Stage_reg[1][0]/D (SDFFRQX2M)
                                                          0.00       0.34 r
  data arrival time                                                  0.34

  clock SCAN_CLK (rise edge)                              0.00       0.00
  clock network delay (ideal)                             0.00       0.00
  clock uncertainty                                       0.10       0.10
  ASYNC_FIFO_dut/sync_r2w/FF_Stage_reg[1][0]/CK (SDFFRQX2M)
                                                          0.00       0.10 r
  library hold time                                      -0.16      -0.06
  data required time                                                -0.06
  --------------------------------------------------------------------------
  data required time                                                -0.06
  data arrival time                                                 -0.34
  --------------------------------------------------------------------------
  slack (MET)                                                        0.41


  Startpoint: ASYNC_FIFO_dut/sync_r2w/FF_Stage_reg[0][3]
              (rising edge-triggered flip-flop clocked by SCAN_CLK)
  Endpoint: ASYNC_FIFO_dut/sync_r2w/FF_Stage_reg[1][3]
            (rising edge-triggered flip-flop clocked by SCAN_CLK)
  Path Group: SCAN_CLK
  Path Type: min

  Point                                                   Incr       Path
  --------------------------------------------------------------------------
  clock SCAN_CLK (rise edge)                              0.00       0.00
  clock network delay (ideal)                             0.00       0.00
  ASYNC_FIFO_dut/sync_r2w/FF_Stage_reg[0][3]/CK (SDFFRQX2M)
                                                          0.00       0.00 r
  ASYNC_FIFO_dut/sync_r2w/FF_Stage_reg[0][3]/Q (SDFFRQX2M)
                                                          0.34       0.34 r
  ASYNC_FIFO_dut/sync_r2w/FF_Stage_reg[1][3]/D (SDFFRQX2M)
                                                          0.00       0.34 r
  data arrival time                                                  0.34

  clock SCAN_CLK (rise edge)                              0.00       0.00
  clock network delay (ideal)                             0.00       0.00
  clock uncertainty                                       0.10       0.10
  ASYNC_FIFO_dut/sync_r2w/FF_Stage_reg[1][3]/CK (SDFFRQX2M)
                                                          0.00       0.10 r
  library hold time                                      -0.16      -0.06
  data required time                                                -0.06
  --------------------------------------------------------------------------
  data required time                                                -0.06
  data arrival time                                                 -0.34
  --------------------------------------------------------------------------
  slack (MET)                                                        0.41


  Startpoint: ASYNC_FIFO_dut/sync_r2w/FF_Stage_reg[0][2]
              (rising edge-triggered flip-flop clocked by SCAN_CLK)
  Endpoint: ASYNC_FIFO_dut/sync_r2w/FF_Stage_reg[1][2]
            (rising edge-triggered flip-flop clocked by SCAN_CLK)
  Path Group: SCAN_CLK
  Path Type: min

  Point                                                   Incr       Path
  --------------------------------------------------------------------------
  clock SCAN_CLK (rise edge)                              0.00       0.00
  clock network delay (ideal)                             0.00       0.00
  ASYNC_FIFO_dut/sync_r2w/FF_Stage_reg[0][2]/CK (SDFFRQX2M)
                                                          0.00       0.00 r
  ASYNC_FIFO_dut/sync_r2w/FF_Stage_reg[0][2]/Q (SDFFRQX2M)
                                                          0.34       0.34 r
  ASYNC_FIFO_dut/sync_r2w/FF_Stage_reg[1][2]/D (SDFFRQX2M)
                                                          0.00       0.34 r
  data arrival time                                                  0.34

  clock SCAN_CLK (rise edge)                              0.00       0.00
  clock network delay (ideal)                             0.00       0.00
  clock uncertainty                                       0.10       0.10
  ASYNC_FIFO_dut/sync_r2w/FF_Stage_reg[1][2]/CK (SDFFRQX2M)
                                                          0.00       0.10 r
  library hold time                                      -0.16      -0.06
  data required time                                                -0.06
  --------------------------------------------------------------------------
  data required time                                                -0.06
  data arrival time                                                 -0.34
  --------------------------------------------------------------------------
  slack (MET)                                                        0.41


  Startpoint: ASYNC_FIFO_dut/sync_r2w/FF_Stage_reg[0][1]
              (rising edge-triggered flip-flop clocked by SCAN_CLK)
  Endpoint: ASYNC_FIFO_dut/sync_r2w/FF_Stage_reg[1][1]
            (rising edge-triggered flip-flop clocked by SCAN_CLK)
  Path Group: SCAN_CLK
  Path Type: min

  Point                                                   Incr       Path
  --------------------------------------------------------------------------
  clock SCAN_CLK (rise edge)                              0.00       0.00
  clock network delay (ideal)                             0.00       0.00
  ASYNC_FIFO_dut/sync_r2w/FF_Stage_reg[0][1]/CK (SDFFRQX2M)
                                                          0.00       0.00 r
  ASYNC_FIFO_dut/sync_r2w/FF_Stage_reg[0][1]/Q (SDFFRQX2M)
                                                          0.34       0.34 r
  ASYNC_FIFO_dut/sync_r2w/FF_Stage_reg[1][1]/D (SDFFRQX2M)
                                                          0.00       0.34 r
  data arrival time                                                  0.34

  clock SCAN_CLK (rise edge)                              0.00       0.00
  clock network delay (ideal)                             0.00       0.00
  clock uncertainty                                       0.10       0.10
  ASYNC_FIFO_dut/sync_r2w/FF_Stage_reg[1][1]/CK (SDFFRQX2M)
                                                          0.00       0.10 r
  library hold time                                      -0.16      -0.06
  data required time                                                -0.06
  --------------------------------------------------------------------------
  data required time                                                -0.06
  data arrival time                                                 -0.34
  --------------------------------------------------------------------------
  slack (MET)                                                        0.41


  Startpoint: ASYNC_FIFO_dut/sync_w2r/FF_Stage_reg[0][4]
              (rising edge-triggered flip-flop clocked by SCAN_CLK)
  Endpoint: ASYNC_FIFO_dut/sync_w2r/FF_Stage_reg[1][4]
            (rising edge-triggered flip-flop clocked by SCAN_CLK)
  Path Group: SCAN_CLK
  Path Type: min

  Point                                                   Incr       Path
  --------------------------------------------------------------------------
  clock SCAN_CLK (rise edge)                              0.00       0.00
  clock network delay (ideal)                             0.00       0.00
  ASYNC_FIFO_dut/sync_w2r/FF_Stage_reg[0][4]/CK (SDFFRQX2M)
                                                          0.00       0.00 r
  ASYNC_FIFO_dut/sync_w2r/FF_Stage_reg[0][4]/Q (SDFFRQX2M)
                                                          0.34       0.34 r
  ASYNC_FIFO_dut/sync_w2r/FF_Stage_reg[1][4]/D (SDFFRQX2M)
                                                          0.00       0.34 r
  data arrival time                                                  0.34

  clock SCAN_CLK (rise edge)                              0.00       0.00
  clock network delay (ideal)                             0.00       0.00
  clock uncertainty                                       0.10       0.10
  ASYNC_FIFO_dut/sync_w2r/FF_Stage_reg[1][4]/CK (SDFFRQX2M)
                                                          0.00       0.10 r
  library hold time                                      -0.16      -0.06
  data required time                                                -0.06
  --------------------------------------------------------------------------
  data required time                                                -0.06
  data arrival time                                                 -0.34
  --------------------------------------------------------------------------
  slack (MET)                                                        0.41


  Startpoint: ASYNC_FIFO_dut/sync_w2r/FF_Stage_reg[0][3]
              (rising edge-triggered flip-flop clocked by SCAN_CLK)
  Endpoint: ASYNC_FIFO_dut/sync_w2r/FF_Stage_reg[1][3]
            (rising edge-triggered flip-flop clocked by SCAN_CLK)
  Path Group: SCAN_CLK
  Path Type: min

  Point                                                   Incr       Path
  --------------------------------------------------------------------------
  clock SCAN_CLK (rise edge)                              0.00       0.00
  clock network delay (ideal)                             0.00       0.00
  ASYNC_FIFO_dut/sync_w2r/FF_Stage_reg[0][3]/CK (SDFFRQX2M)
                                                          0.00       0.00 r
  ASYNC_FIFO_dut/sync_w2r/FF_Stage_reg[0][3]/Q (SDFFRQX2M)
                                                          0.34       0.34 r
  ASYNC_FIFO_dut/sync_w2r/FF_Stage_reg[1][3]/D (SDFFRQX2M)
                                                          0.00       0.34 r
  data arrival time                                                  0.34

  clock SCAN_CLK (rise edge)                              0.00       0.00
  clock network delay (ideal)                             0.00       0.00
  clock uncertainty                                       0.10       0.10
  ASYNC_FIFO_dut/sync_w2r/FF_Stage_reg[1][3]/CK (SDFFRQX2M)
                                                          0.00       0.10 r
  library hold time                                      -0.16      -0.06
  data required time                                                -0.06
  --------------------------------------------------------------------------
  data required time                                                -0.06
  data arrival time                                                 -0.34
  --------------------------------------------------------------------------
  slack (MET)                                                        0.41


  Startpoint: ASYNC_FIFO_dut/sync_w2r/FF_Stage_reg[0][1]
              (rising edge-triggered flip-flop clocked by SCAN_CLK)
  Endpoint: ASYNC_FIFO_dut/sync_w2r/FF_Stage_reg[1][1]
            (rising edge-triggered flip-flop clocked by SCAN_CLK)
  Path Group: SCAN_CLK
  Path Type: min

  Point                                                   Incr       Path
  --------------------------------------------------------------------------
  clock SCAN_CLK (rise edge)                              0.00       0.00
  clock network delay (ideal)                             0.00       0.00
  ASYNC_FIFO_dut/sync_w2r/FF_Stage_reg[0][1]/CK (SDFFRQX2M)
                                                          0.00       0.00 r
  ASYNC_FIFO_dut/sync_w2r/FF_Stage_reg[0][1]/Q (SDFFRQX2M)
                                                          0.34       0.34 r
  ASYNC_FIFO_dut/sync_w2r/FF_Stage_reg[1][1]/D (SDFFRQX2M)
                                                          0.00       0.34 r
  data arrival time                                                  0.34

  clock SCAN_CLK (rise edge)                              0.00       0.00
  clock network delay (ideal)                             0.00       0.00
  clock uncertainty                                       0.10       0.10
  ASYNC_FIFO_dut/sync_w2r/FF_Stage_reg[1][1]/CK (SDFFRQX2M)
                                                          0.00       0.10 r
  library hold time                                      -0.16      -0.06
  data required time                                                -0.06
  --------------------------------------------------------------------------
  data required time                                                -0.06
  data arrival time                                                 -0.34
  --------------------------------------------------------------------------
  slack (MET)                                                        0.41


  Startpoint: ASYNC_FIFO_dut/sync_w2r/FF_Stage_reg[0][0]
              (rising edge-triggered flip-flop clocked by SCAN_CLK)
  Endpoint: ASYNC_FIFO_dut/sync_w2r/FF_Stage_reg[1][0]
            (rising edge-triggered flip-flop clocked by SCAN_CLK)
  Path Group: SCAN_CLK
  Path Type: min

  Point                                                   Incr       Path
  --------------------------------------------------------------------------
  clock SCAN_CLK (rise edge)                              0.00       0.00
  clock network delay (ideal)                             0.00       0.00
  ASYNC_FIFO_dut/sync_w2r/FF_Stage_reg[0][0]/CK (SDFFRQX2M)
                                                          0.00       0.00 r
  ASYNC_FIFO_dut/sync_w2r/FF_Stage_reg[0][0]/Q (SDFFRQX2M)
                                                          0.34       0.34 r
  ASYNC_FIFO_dut/sync_w2r/FF_Stage_reg[1][0]/D (SDFFRQX2M)
                                                          0.00       0.34 r
  data arrival time                                                  0.34

  clock SCAN_CLK (rise edge)                              0.00       0.00
  clock network delay (ideal)                             0.00       0.00
  clock uncertainty                                       0.10       0.10
  ASYNC_FIFO_dut/sync_w2r/FF_Stage_reg[1][0]/CK (SDFFRQX2M)
                                                          0.00       0.10 r
  library hold time                                      -0.16      -0.06
  data required time                                                -0.06
  --------------------------------------------------------------------------
  data required time                                                -0.06
  data arrival time                                                 -0.34
  --------------------------------------------------------------------------
  slack (MET)                                                        0.41


  Startpoint: Data_Sync_dut/FF_Stage_reg[0]
              (rising edge-triggered flip-flop clocked by SCAN_CLK)
  Endpoint: Data_Sync_dut/FF_Stage_reg[1]
            (rising edge-triggered flip-flop clocked by SCAN_CLK)
  Path Group: SCAN_CLK
  Path Type: min

  Point                                                   Incr       Path
  --------------------------------------------------------------------------
  clock SCAN_CLK (rise edge)                              0.00       0.00
  clock network delay (ideal)                             0.00       0.00
  Data_Sync_dut/FF_Stage_reg[0]/CK (SDFFRQX2M)            0.00       0.00 r
  Data_Sync_dut/FF_Stage_reg[0]/Q (SDFFRQX2M)             0.34       0.34 r
  Data_Sync_dut/FF_Stage_reg[1]/D (SDFFRQX2M)             0.00       0.34 r
  data arrival time                                                  0.34

  clock SCAN_CLK (rise edge)                              0.00       0.00
  clock network delay (ideal)                             0.00       0.00
  clock uncertainty                                       0.10       0.10
  Data_Sync_dut/FF_Stage_reg[1]/CK (SDFFRQX2M)            0.00       0.10 r
  library hold time                                      -0.16      -0.06
  data required time                                                -0.06
  --------------------------------------------------------------------------
  data required time                                                -0.06
  data arrival time                                                 -0.34
  --------------------------------------------------------------------------
  slack (MET)                                                        0.41


  Startpoint: ASYNC_FIFO_dut/fifo_rdptr_empty_dut/gray_Rptr_reg[3]
              (rising edge-triggered flip-flop clocked by SCAN_CLK)
  Endpoint: ASYNC_FIFO_dut/sync_r2w/FF_Stage_reg[0][3]
            (rising edge-triggered flip-flop clocked by SCAN_CLK)
  Path Group: SCAN_CLK
  Path Type: min

  Point                                                   Incr       Path
  --------------------------------------------------------------------------
  clock SCAN_CLK (rise edge)                              0.00       0.00
  clock network delay (ideal)                             0.00       0.00
  ASYNC_FIFO_dut/fifo_rdptr_empty_dut/gray_Rptr_reg[3]/CK (SDFFRQX2M)
                                                          0.00       0.00 r
  ASYNC_FIFO_dut/fifo_rdptr_empty_dut/gray_Rptr_reg[3]/Q (SDFFRQX2M)
                                                          0.35       0.35 r
  ASYNC_FIFO_dut/fifo_rdptr_empty_dut/gray_Rptr[3] (fifo_rdptr_empty_00000008_00000010_test_1)
                                                          0.00       0.35 r
  ASYNC_FIFO_dut/sync_r2w/ASYNC[3] (Bit_Sync_00000002_00000005_test_0)
                                                          0.00       0.35 r
  ASYNC_FIFO_dut/sync_r2w/FF_Stage_reg[0][3]/D (SDFFRQX2M)
                                                          0.00       0.35 r
  data arrival time                                                  0.35

  clock SCAN_CLK (rise edge)                              0.00       0.00
  clock network delay (ideal)                             0.00       0.00
  clock uncertainty                                       0.10       0.10
  ASYNC_FIFO_dut/sync_r2w/FF_Stage_reg[0][3]/CK (SDFFRQX2M)
                                                          0.00       0.10 r
  library hold time                                      -0.17      -0.07
  data required time                                                -0.07
  --------------------------------------------------------------------------
  data required time                                                -0.07
  data arrival time                                                 -0.35
  --------------------------------------------------------------------------
  slack (MET)                                                        0.42


  Startpoint: ASYNC_FIFO_dut/fifo_rdptr_empty_dut/gray_Rptr_reg[2]
              (rising edge-triggered flip-flop clocked by SCAN_CLK)
  Endpoint: ASYNC_FIFO_dut/sync_r2w/FF_Stage_reg[0][2]
            (rising edge-triggered flip-flop clocked by SCAN_CLK)
  Path Group: SCAN_CLK
  Path Type: min

  Point                                                   Incr       Path
  --------------------------------------------------------------------------
  clock SCAN_CLK (rise edge)                              0.00       0.00
  clock network delay (ideal)                             0.00       0.00
  ASYNC_FIFO_dut/fifo_rdptr_empty_dut/gray_Rptr_reg[2]/CK (SDFFRQX2M)
                                                          0.00       0.00 r
  ASYNC_FIFO_dut/fifo_rdptr_empty_dut/gray_Rptr_reg[2]/Q (SDFFRQX2M)
                                                          0.35       0.35 r
  ASYNC_FIFO_dut/fifo_rdptr_empty_dut/gray_Rptr[2] (fifo_rdptr_empty_00000008_00000010_test_1)
                                                          0.00       0.35 r
  ASYNC_FIFO_dut/sync_r2w/ASYNC[2] (Bit_Sync_00000002_00000005_test_0)
                                                          0.00       0.35 r
  ASYNC_FIFO_dut/sync_r2w/FF_Stage_reg[0][2]/D (SDFFRQX2M)
                                                          0.00       0.35 r
  data arrival time                                                  0.35

  clock SCAN_CLK (rise edge)                              0.00       0.00
  clock network delay (ideal)                             0.00       0.00
  clock uncertainty                                       0.10       0.10
  ASYNC_FIFO_dut/sync_r2w/FF_Stage_reg[0][2]/CK (SDFFRQX2M)
                                                          0.00       0.10 r
  library hold time                                      -0.17      -0.07
  data required time                                                -0.07
  --------------------------------------------------------------------------
  data required time                                                -0.07
  data arrival time                                                 -0.35
  --------------------------------------------------------------------------
  slack (MET)                                                        0.42


  Startpoint: ASYNC_FIFO_dut/fifo_rdptr_empty_dut/gray_Rptr_reg[1]
              (rising edge-triggered flip-flop clocked by SCAN_CLK)
  Endpoint: ASYNC_FIFO_dut/sync_r2w/FF_Stage_reg[0][1]
            (rising edge-triggered flip-flop clocked by SCAN_CLK)
  Path Group: SCAN_CLK
  Path Type: min

  Point                                                   Incr       Path
  --------------------------------------------------------------------------
  clock SCAN_CLK (rise edge)                              0.00       0.00
  clock network delay (ideal)                             0.00       0.00
  ASYNC_FIFO_dut/fifo_rdptr_empty_dut/gray_Rptr_reg[1]/CK (SDFFRQX2M)
                                                          0.00       0.00 r
  ASYNC_FIFO_dut/fifo_rdptr_empty_dut/gray_Rptr_reg[1]/Q (SDFFRQX2M)
                                                          0.35       0.35 r
  ASYNC_FIFO_dut/fifo_rdptr_empty_dut/gray_Rptr[1] (fifo_rdptr_empty_00000008_00000010_test_1)
                                                          0.00       0.35 r
  ASYNC_FIFO_dut/sync_r2w/ASYNC[1] (Bit_Sync_00000002_00000005_test_0)
                                                          0.00       0.35 r
  ASYNC_FIFO_dut/sync_r2w/FF_Stage_reg[0][1]/D (SDFFRQX2M)
                                                          0.00       0.35 r
  data arrival time                                                  0.35

  clock SCAN_CLK (rise edge)                              0.00       0.00
  clock network delay (ideal)                             0.00       0.00
  clock uncertainty                                       0.10       0.10
  ASYNC_FIFO_dut/sync_r2w/FF_Stage_reg[0][1]/CK (SDFFRQX2M)
                                                          0.00       0.10 r
  library hold time                                      -0.17      -0.07
  data required time                                                -0.07
  --------------------------------------------------------------------------
  data required time                                                -0.07
  data arrival time                                                 -0.35
  --------------------------------------------------------------------------
  slack (MET)                                                        0.42


  Startpoint: ASYNC_FIFO_dut/fifo_rdptr_empty_dut/gray_Rptr_reg[0]
              (rising edge-triggered flip-flop clocked by SCAN_CLK)
  Endpoint: ASYNC_FIFO_dut/sync_r2w/FF_Stage_reg[0][0]
            (rising edge-triggered flip-flop clocked by SCAN_CLK)
  Path Group: SCAN_CLK
  Path Type: min

  Point                                                   Incr       Path
  --------------------------------------------------------------------------
  clock SCAN_CLK (rise edge)                              0.00       0.00
  clock network delay (ideal)                             0.00       0.00
  ASYNC_FIFO_dut/fifo_rdptr_empty_dut/gray_Rptr_reg[0]/CK (SDFFRQX2M)
                                                          0.00       0.00 r
  ASYNC_FIFO_dut/fifo_rdptr_empty_dut/gray_Rptr_reg[0]/Q (SDFFRQX2M)
                                                          0.35       0.35 r
  ASYNC_FIFO_dut/fifo_rdptr_empty_dut/gray_Rptr[0] (fifo_rdptr_empty_00000008_00000010_test_1)
                                                          0.00       0.35 r
  ASYNC_FIFO_dut/sync_r2w/ASYNC[0] (Bit_Sync_00000002_00000005_test_0)
                                                          0.00       0.35 r
  ASYNC_FIFO_dut/sync_r2w/FF_Stage_reg[0][0]/D (SDFFRQX2M)
                                                          0.00       0.35 r
  data arrival time                                                  0.35

  clock SCAN_CLK (rise edge)                              0.00       0.00
  clock network delay (ideal)                             0.00       0.00
  clock uncertainty                                       0.10       0.10
  ASYNC_FIFO_dut/sync_r2w/FF_Stage_reg[0][0]/CK (SDFFRQX2M)
                                                          0.00       0.10 r
  library hold time                                      -0.17      -0.07
  data required time                                                -0.07
  --------------------------------------------------------------------------
  data required time                                                -0.07
  data arrival time                                                 -0.35
  --------------------------------------------------------------------------
  slack (MET)                                                        0.42


  Startpoint: ASYNC_FIFO_dut/fifo_wrptr_full_dut/gray_Wptr_reg[2]
              (rising edge-triggered flip-flop clocked by SCAN_CLK)
  Endpoint: ASYNC_FIFO_dut/sync_w2r/FF_Stage_reg[0][2]
            (rising edge-triggered flip-flop clocked by SCAN_CLK)
  Path Group: SCAN_CLK
  Path Type: min

  Point                                                   Incr       Path
  --------------------------------------------------------------------------
  clock SCAN_CLK (rise edge)                              0.00       0.00
  clock network delay (ideal)                             0.00       0.00
  ASYNC_FIFO_dut/fifo_wrptr_full_dut/gray_Wptr_reg[2]/CK (SDFFRQX2M)
                                                          0.00       0.00 r
  ASYNC_FIFO_dut/fifo_wrptr_full_dut/gray_Wptr_reg[2]/Q (SDFFRQX2M)
                                                          0.35       0.35 r
  ASYNC_FIFO_dut/fifo_wrptr_full_dut/gray_Wptr[2] (fifo_wrptr_full_00000008_00000010_test_1)
                                                          0.00       0.35 r
  ASYNC_FIFO_dut/sync_w2r/ASYNC[2] (Bit_Sync_00000002_00000005_test_1)
                                                          0.00       0.35 r
  ASYNC_FIFO_dut/sync_w2r/FF_Stage_reg[0][2]/D (SDFFRQX2M)
                                                          0.00       0.35 r
  data arrival time                                                  0.35

  clock SCAN_CLK (rise edge)                              0.00       0.00
  clock network delay (ideal)                             0.00       0.00
  clock uncertainty                                       0.10       0.10
  ASYNC_FIFO_dut/sync_w2r/FF_Stage_reg[0][2]/CK (SDFFRQX2M)
                                                          0.00       0.10 r
  library hold time                                      -0.17      -0.07
  data required time                                                -0.07
  --------------------------------------------------------------------------
  data required time                                                -0.07
  data arrival time                                                 -0.35
  --------------------------------------------------------------------------
  slack (MET)                                                        0.42


  Startpoint: ASYNC_FIFO_dut/fifo_wrptr_full_dut/gray_Wptr_reg[1]
              (rising edge-triggered flip-flop clocked by SCAN_CLK)
  Endpoint: ASYNC_FIFO_dut/sync_w2r/FF_Stage_reg[0][1]
            (rising edge-triggered flip-flop clocked by SCAN_CLK)
  Path Group: SCAN_CLK
  Path Type: min

  Point                                                   Incr       Path
  --------------------------------------------------------------------------
  clock SCAN_CLK (rise edge)                              0.00       0.00
  clock network delay (ideal)                             0.00       0.00
  ASYNC_FIFO_dut/fifo_wrptr_full_dut/gray_Wptr_reg[1]/CK (SDFFRQX2M)
                                                          0.00       0.00 r
  ASYNC_FIFO_dut/fifo_wrptr_full_dut/gray_Wptr_reg[1]/Q (SDFFRQX2M)
                                                          0.35       0.35 r
  ASYNC_FIFO_dut/fifo_wrptr_full_dut/gray_Wptr[1] (fifo_wrptr_full_00000008_00000010_test_1)
                                                          0.00       0.35 r
  ASYNC_FIFO_dut/sync_w2r/ASYNC[1] (Bit_Sync_00000002_00000005_test_1)
                                                          0.00       0.35 r
  ASYNC_FIFO_dut/sync_w2r/FF_Stage_reg[0][1]/D (SDFFRQX2M)
                                                          0.00       0.35 r
  data arrival time                                                  0.35

  clock SCAN_CLK (rise edge)                              0.00       0.00
  clock network delay (ideal)                             0.00       0.00
  clock uncertainty                                       0.10       0.10
  ASYNC_FIFO_dut/sync_w2r/FF_Stage_reg[0][1]/CK (SDFFRQX2M)
                                                          0.00       0.10 r
  library hold time                                      -0.17      -0.07
  data required time                                                -0.07
  --------------------------------------------------------------------------
  data required time                                                -0.07
  data arrival time                                                 -0.35
  --------------------------------------------------------------------------
  slack (MET)                                                        0.42


  Startpoint: ASYNC_FIFO_dut/fifo_wrptr_full_dut/gray_Wptr_reg[0]
              (rising edge-triggered flip-flop clocked by SCAN_CLK)
  Endpoint: ASYNC_FIFO_dut/sync_w2r/FF_Stage_reg[0][0]
            (rising edge-triggered flip-flop clocked by SCAN_CLK)
  Path Group: SCAN_CLK
  Path Type: min

  Point                                                   Incr       Path
  --------------------------------------------------------------------------
  clock SCAN_CLK (rise edge)                              0.00       0.00
  clock network delay (ideal)                             0.00       0.00
  ASYNC_FIFO_dut/fifo_wrptr_full_dut/gray_Wptr_reg[0]/CK (SDFFRQX2M)
                                                          0.00       0.00 r
  ASYNC_FIFO_dut/fifo_wrptr_full_dut/gray_Wptr_reg[0]/Q (SDFFRQX2M)
                                                          0.35       0.35 r
  ASYNC_FIFO_dut/fifo_wrptr_full_dut/gray_Wptr[0] (fifo_wrptr_full_00000008_00000010_test_1)
                                                          0.00       0.35 r
  ASYNC_FIFO_dut/sync_w2r/ASYNC[0] (Bit_Sync_00000002_00000005_test_1)
                                                          0.00       0.35 r
  ASYNC_FIFO_dut/sync_w2r/FF_Stage_reg[0][0]/D (SDFFRQX2M)
                                                          0.00       0.35 r
  data arrival time                                                  0.35

  clock SCAN_CLK (rise edge)                              0.00       0.00
  clock network delay (ideal)                             0.00       0.00
  clock uncertainty                                       0.10       0.10
  ASYNC_FIFO_dut/sync_w2r/FF_Stage_reg[0][0]/CK (SDFFRQX2M)
                                                          0.00       0.10 r
  library hold time                                      -0.17      -0.07
  data required time                                                -0.07
  --------------------------------------------------------------------------
  data required time                                                -0.07
  data arrival time                                                 -0.35
  --------------------------------------------------------------------------
  slack (MET)                                                        0.42


1
